<?xml version="1.0" encoding="UTF-8"?>
<!-- Generated by org.testng.reporters.JUnitReportReporter -->
<testsuite skipped="0" hostname="TRVLHGN9NN2" name="com.orangehrm.qa.testcases.PIMReportsPageTest" tests="4" failures="0" timestamp="2021-09-21T13:14:39 IST" time="27.041" errors="0">
  <testcase name="verifySetUp" time="6.253" classname="com.orangehrm.qa.testcases.PIMReportsPageTest"/>
  <system-out/>
  <testcase name="verifyAddReportTest" time="7.979" classname="com.orangehrm.qa.testcases.PIMReportsPageTest"/>
  <system-out/>
  <testcase name="verifySortReportAndEditTest" time="10.671" classname="com.orangehrm.qa.testcases.PIMReportsPageTest"/>
  <system-out/>
  <testcase name="verifyDelete" time="2.138" classname="com.orangehrm.qa.testcases.PIMReportsPageTest"/>
  <system-out/>
</testsuite> <!-- com.orangehrm.qa.testcases.PIMReportsPageTest -->
