<?xml version="1.0" encoding="UTF-8"?>
<!-- Generated by org.testng.reporters.JUnitReportReporter -->
<testsuite skipped="2" hostname="TRVLHGN9NN2" name="com.orangehrm.qa.testcases.ConfigurePIMPageTest" tests="6" failures="0" timestamp="2021-09-21T13:14:39 IST" time="15.105" errors="0">
  <testcase name="verifySetUp" time="6.283" classname="com.orangehrm.qa.testcases.ConfigurePIMPageTest"/>
  <system-out/>
  <testcase name="verifyConfigurePIMPageElementsTest" time="2.637" classname="com.orangehrm.qa.testcases.ConfigurePIMPageTest"/>
  <system-out/>
  <testcase name="verifyEditAllConfigurePIMPageTest" time="2.969" classname="com.orangehrm.qa.testcases.ConfigurePIMPageTest"/>
  <system-out/>
  <testcase name="verifyEditShowAndCountryOptionTest" time="3.216" classname="com.orangehrm.qa.testcases.ConfigurePIMPageTest"/>
  <system-out/>
  <testcase name="verifyEditShowDeprecatedOptionTest" classname="com.orangehrm.qa.testcases.ConfigurePIMPageTest">
    <skipped/>
  </testcase> <!-- verifyEditShowDeprecatedOptionTest -->
  <system-out/>
  <testcase name="verifyEditCountrySpecificOptionTest" classname="com.orangehrm.qa.testcases.ConfigurePIMPageTest">
    <skipped/>
  </testcase> <!-- verifyEditCountrySpecificOptionTest -->
  <system-out/>
</testsuite> <!-- com.orangehrm.qa.testcases.ConfigurePIMPageTest -->
