<?xml version="1.0" encoding="UTF-8"?>
<!-- Generated by org.testng.reporters.JUnitReportReporter -->
<testsuite skipped="0" hostname="TRVLHGN9NN2" name="com.orangehrm.qa.testcases.CustomFieldsPageTest" tests="6" failures="0" timestamp="2021-09-21T13:14:39 IST" time="39.550" errors="0">
  <testcase name="verifySetUp" time="7.399" classname="com.orangehrm.qa.testcases.CustomFieldsPageTest"/>
  <system-out/>
  <testcase name="verifyCustomFieldPageNav" time="6.257" classname="com.orangehrm.qa.testcases.CustomFieldsPageTest"/>
  <system-out/>
  <testcase name="verifyCustomFieldAddAndCancel" time="3.264" classname="com.orangehrm.qa.testcases.CustomFieldsPageTest"/>
  <system-out/>
  <testcase name="verifyEditCustomFieldAndSave" time="9.232" classname="com.orangehrm.qa.testcases.CustomFieldsPageTest"/>
  <system-out/>
  <testcase name="verifyEditCustomFieldAndCancel" time="3.011" classname="com.orangehrm.qa.testcases.CustomFieldsPageTest"/>
  <system-out/>
  <testcase name="verifyDeleteCustomersAndAdd" time="10.387" classname="com.orangehrm.qa.testcases.CustomFieldsPageTest"/>
  <system-out/>
</testsuite> <!-- com.orangehrm.qa.testcases.CustomFieldsPageTest -->
