<?xml version="1.0" encoding="UTF-8"?>
<!-- Generated by org.testng.reporters.JUnitReportReporter -->
<testsuite skipped="0" hostname="TRVLHGN9NN2" name="com.orangehrm.qa.testcases.AssignLeavePageTest" tests="2" failures="0" timestamp="2021-09-22T02:16:01 IST" time="12.585" errors="0">
  <testcase name="setUp" time="9.682" classname="com.orangehrm.qa.testcases.AssignLeavePageTest"/>
  <system-out/>
  <testcase name="verifyAssignpageTest" time="2.903" classname="com.orangehrm.qa.testcases.AssignLeavePageTest"/>
  <system-out/>
</testsuite> <!-- com.orangehrm.qa.testcases.AssignLeavePageTest -->
