<?xml version="1.0" encoding="UTF-8"?>
<!-- Generated by org.testng.reporters.JUnitReportReporter -->
<testsuite skipped="1" hostname="TRVLHGN9NN2" name="com.orangehrm.qa.testcases.DependentsPageTest" tests="4" failures="0" timestamp="2021-09-22T02:12:19 IST" time="44.842" errors="0">
  <testcase name="verifySetUp" time="6.808" classname="com.orangehrm.qa.testcases.DependentsPageTest"/>
  <system-out/>
  <testcase name="verifyEditDepAction" time="19.330" classname="com.orangehrm.qa.testcases.DependentsPageTest"/>
  <system-out/>
  <testcase name="verifyEditDepAction" time="18.704" classname="com.orangehrm.qa.testcases.DependentsPageTest"/>
  <system-out/>
  <testcase name="verifyAddDepAction" classname="com.orangehrm.qa.testcases.DependentsPageTest">
    <skipped/>
  </testcase> <!-- verifyAddDepAction -->
  <system-out/>
</testsuite> <!-- com.orangehrm.qa.testcases.DependentsPageTest -->
