<?xml version="1.0" encoding="UTF-8"?>
<!-- Generated by org.testng.reporters.JUnitReportReporter -->
<testsuite skipped="0" hostname="TRVLHGN9NN2" name="com.orangehrm.qa.testcases.AdminPageTest" tests="4" failures="0" timestamp="2021-09-22T02:17:03 IST" time="17.570" errors="0">
  <testcase name="verifySetUp" time="6.478" classname="com.orangehrm.qa.testcases.AdminPageTest"/>
  <system-out/>
  <testcase name="verifyAdminPageAction" time="4.777" classname="com.orangehrm.qa.testcases.AdminPageTest"/>
  <system-out/>
  <testcase name="verifyAdminPageAddUser" time="3.545" classname="com.orangehrm.qa.testcases.AdminPageTest"/>
  <system-out/>
  <testcase name="verifyAdminDeleteUser" time="2.770" classname="com.orangehrm.qa.testcases.AdminPageTest"/>
  <system-out/>
</testsuite> <!-- com.orangehrm.qa.testcases.AdminPageTest -->
