<?xml version="1.0" encoding="UTF-8"?>
<!-- Generated by org.testng.reporters.JUnitReportReporter -->
<testsuite skipped="0" hostname="TRVLHGN9NN2" name="com.orangehrm.qa.testcases.DashBoardPageTest" tests="2" failures="0" timestamp="2021-09-21T13:14:39 IST" time="11.695" errors="0">
  <testcase name="verifyDashbBoardElementsDisplayAndLogin" time="8.445" classname="com.orangehrm.qa.testcases.DashBoardPageTest"/>
  <system-out/>
  <testcase name="verifyLogOutAction" time="3.250" classname="com.orangehrm.qa.testcases.DashBoardPageTest"/>
  <system-out/>
</testsuite> <!-- com.orangehrm.qa.testcases.DashBoardPageTest -->
