<?xml version="1.0" encoding="UTF-8"?>
<!-- Generated by org.testng.reporters.JUnitReportReporter -->
<testsuite skipped="0" hostname="TRVLHGN9NN2" name="com.orangehrm.qa.testcases.MyInfoContactDetailsPageTest" tests="8" failures="0" timestamp="2021-09-21T09:36:13 IST" time="46.292" errors="0">
  <testcase name="setUp" time="7.450" classname="com.orangehrm.qa.testcases.MyInfoContactDetailsPageTest"/>
  <system-out/>
  <testcase name="setUp" time="6.261" classname="com.orangehrm.qa.testcases.MyInfoContactDetailsPageTest"/>
  <system-out/>
  <testcase name="verifyContactDetailsPageNav" time="4.258" classname="com.orangehrm.qa.testcases.MyInfoContactDetailsPageTest"/>
  <system-out/>
  <testcase name="verifyContactDetailsPageNav" time="4.691" classname="com.orangehrm.qa.testcases.MyInfoContactDetailsPageTest"/>
  <system-out/>
  <testcase name="verifySaveContactDetailsTest" time="4.494" classname="com.orangehrm.qa.testcases.MyInfoContactDetailsPageTest"/>
  <system-out/>
  <testcase name="verifySaveContactDetailsTest" time="3.828" classname="com.orangehrm.qa.testcases.MyInfoContactDetailsPageTest"/>
  <system-out/>
  <testcase name="verifyContactAttachmentsTest" time="5.989" classname="com.orangehrm.qa.testcases.MyInfoContactDetailsPageTest"/>
  <system-out/>
  <testcase name="verifyContactAttachmentsTest" time="9.321" classname="com.orangehrm.qa.testcases.MyInfoContactDetailsPageTest"/>
  <system-out/>
</testsuite> <!-- com.orangehrm.qa.testcases.MyInfoContactDetailsPageTest -->
