<?xml version="1.0" encoding="UTF-8"?>
<!-- Generated by org.testng.reporters.JUnitReportReporter -->
<testsuite skipped="0" hostname="TRVLHGN9NN2" name="com.orangehrm.qa.testcases.LoginPageTest" tests="1" failures="0" timestamp="2021-09-21T13:14:39 IST" time="5.795" errors="0">
  <testcase name="verifyLoginPageTest" time="5.795" classname="com.orangehrm.qa.testcases.LoginPageTest"/>
  <system-out/>
</testsuite> <!-- com.orangehrm.qa.testcases.LoginPageTest -->
