<?xml version="1.0" encoding="UTF-8"?>
<!-- Generated by org.testng.reporters.JUnitReportReporter -->
<testsuite skipped="1" hostname="TRVLHGN9NN2" name="com.orangehrm.qa.testcases.MyInfoPageTest" tests="4" failures="0" timestamp="2021-09-22T02:12:19 IST" time="24.116" errors="0">
  <testcase name="setUp" time="6.862" classname="com.orangehrm.qa.testcases.MyInfoPageTest"/>
  <system-out/>
  <testcase name="verifyEnterMyinfoTabTest" time="7.678" classname="com.orangehrm.qa.testcases.MyInfoPageTest"/>
  <system-out/>
  <testcase name="addAttachment" time="9.576" classname="com.orangehrm.qa.testcases.MyInfoPageTest"/>
  <system-out/>
  <testcase name="verifyEditCustomField" classname="com.orangehrm.qa.testcases.MyInfoPageTest">
    <skipped/>
  </testcase> <!-- verifyEditCustomField -->
  <system-out/>
</testsuite> <!-- com.orangehrm.qa.testcases.MyInfoPageTest -->
