<?xml version="1.0" encoding="UTF-8"?>
<!-- Generated by org.testng.reporters.JUnitReportReporter -->
<testsuite skipped="1" hostname="TRVLHGN9NN2" name="com.orangehrm.qa.testcases.LeaveEntitlementsPageTest" tests="3" failures="0" timestamp="2021-09-21T13:14:39 IST" time="13.743" errors="0">
  <testcase name="verifySetUp" time="9.618" classname="com.orangehrm.qa.testcases.LeaveEntitlementsPageTest"/>
  <system-out/>
  <testcase name="verifyEnterLeaveMultipleEmployees" time="4.125" classname="com.orangehrm.qa.testcases.LeaveEntitlementsPageTest"/>
  <system-out/>
  <testcase name="verifyEnterAddLeaveDetails" classname="com.orangehrm.qa.testcases.LeaveEntitlementsPageTest">
    <skipped/>
  </testcase> <!-- verifyEnterAddLeaveDetails -->
  <system-out/>
</testsuite> <!-- com.orangehrm.qa.testcases.LeaveEntitlementsPageTest -->
