<?xml version="1.0" encoding="UTF-8"?>
<!-- Generated by org.testng.reporters.JUnitReportReporter -->
<testsuite skipped="0" hostname="TRVLHGN9NN2" name="com.orangehrm.qa.testcases.LogoutPageTest" tests="1" failures="0" timestamp="2021-09-18T01:55:31 IST" time="8.319" errors="0">
  <testcase name="verifyLogoutTest" time="8.319" classname="com.orangehrm.qa.testcases.LogoutPageTest"/>
  <system-out/>
</testsuite> <!-- com.orangehrm.qa.testcases.LogoutPageTest -->
