<?xml version="1.0" encoding="UTF-8"?>
<!-- Generated by org.testng.reporters.JUnitReportReporter -->
<testsuite skipped="0" hostname="TRVLHGN9NN2" name="com.orangehrm.qa.testcases.CsvDataImportaPageTest" tests="3" failures="0" timestamp="2021-09-22T02:12:19 IST" time="12.550" errors="0">
  <testcase name="verifySetUp" time="6.965" classname="com.orangehrm.qa.testcases.CsvDataImportaPageTest"/>
  <system-out/>
  <testcase name="verifyCsvDataUploadTest" time="4.002" classname="com.orangehrm.qa.testcases.CsvDataImportaPageTest"/>
  <system-out/>
  <testcase name="verifyCsvDataDownloadTest" time="1.583" classname="com.orangehrm.qa.testcases.CsvDataImportaPageTest"/>
  <system-out/>
</testsuite> <!-- com.orangehrm.qa.testcases.CsvDataImportaPageTest -->
