<?xml version="1.0" encoding="UTF-8"?>
<!-- Generated by org.testng.reporters.JUnitReportReporter -->
<testsuite skipped="0" hostname="TRVLHGN9NN2" name="com.orangehrm.qa.testcases.EditUserPageTest" tests="3" failures="0" timestamp="2021-09-21T13:14:39 IST" time="13.476" errors="0">
  <testcase name="verifySetUp" time="7.404" classname="com.orangehrm.qa.testcases.EditUserPageTest"/>
  <system-out/>
  <testcase name="userPageNavigation" time="4.917" classname="com.orangehrm.qa.testcases.EditUserPageTest"/>
  <system-out/>
  <testcase name="verifyEditUserPageTest" time="1.155" classname="com.orangehrm.qa.testcases.EditUserPageTest"/>
  <system-out/>
</testsuite> <!-- com.orangehrm.qa.testcases.EditUserPageTest -->
